Breaking ties in favor of smaller g.
file = input/grid_01.in, num_of_cells_expanded =   37437, num_of_searches =   51, num_of_moves =  176, time = 0.0844
file = input/grid_02.in, num_of_cells_expanded =     886, num_of_searches =   18, num_of_moves =   50, time = 0.0178
file = input/grid_03.in, num_of_cells_expanded =  423048, num_of_searches =  297, num_of_moves = 1295, time = 0.7789
file = input/grid_04.in, num_of_cells_expanded =    9777, num_of_searches =   82, num_of_moves =  258, time = 0.0783
file = input/grid_05.in, num_of_cells_expanded =    9182, num_of_searches =   39, num_of_moves =  142, time = 0.0426
file = input/grid_06.in, num_of_cells_expanded =      75, num_of_searches =    3, num_of_moves =    5, time = 0.0042
file = input/grid_07.in, num_of_cells_expanded =    1757, num_of_searches =   41, num_of_moves =  138, time = 0.0325
file = input/grid_08.in, num_of_cells_expanded =    6521, num_of_searches =   65, num_of_moves =  229, time = 0.0554
file = input/grid_09.in, num_of_cells_expanded =    5874, num_of_searches =   53, num_of_moves =  184, time = 0.0489
file = input/grid_10.in, num_of_cells_expanded =    1754, num_of_searches =   26, num_of_moves =   88, time = 0.0221
file = input/grid_11.in, num_of_cells_expanded =  121578, num_of_searches =  219, num_of_moves =  958, time = 0.3261
file = input/grid_12.in, num_of_cells_expanded =   48708, num_of_searches =   87, num_of_moves =  300, time = 0.1225
file = input/grid_13.in, num_of_cells_expanded =  107150, num_of_searches =  184, num_of_moves =  733, time = 0.2712
file = input/grid_14.in, num_of_cells_expanded =    1234, num_of_searches =   18, num_of_moves =   70, time = 0.0161
file = input/grid_15.in, num_of_cells_expanded =   35493, num_of_searches =   81, num_of_moves =  316, time = 0.1150
file = input/grid_16.in, num_of_cells_expanded =   37228, num_of_searches =   71, num_of_moves =  268, time = 0.0981
file = input/grid_17.in, num_of_cells_expanded =   10914, num_of_searches =   74, num_of_moves =  281, time = 0.0703
file = input/grid_18.in, num_of_cells_expanded =  198926, num_of_searches =  162, num_of_moves =  691, time = 0.3794
file = input/grid_19.in, num_of_cells_expanded =   31212, num_of_searches =  126, num_of_moves =  518, time = 0.1306
file = input/grid_20.in, num_of_cells_expanded =   22527, num_of_searches =   94, num_of_moves =  402, time = 0.0967
file = input/grid_21.in, num_of_cells_expanded =   18660, num_of_searches =  101, num_of_moves =  460, time = 0.0935
file = input/grid_22.in, num_of_cells_expanded =    3834, num_of_searches =   50, num_of_moves =  224, time = 0.0439
file = input/grid_23.in, num_of_cells_expanded =    1493, num_of_searches =   27, num_of_moves =  104, time = 0.0232
file = input/grid_24.in, num_of_cells_expanded =     713, num_of_searches =   23, num_of_moves =   88, time = 0.0202
file = input/grid_25.in, num_of_cells_expanded =   19222, num_of_searches =   86, num_of_moves =  273, time = 0.0953
file = input/grid_26.in, num_of_cells_expanded =    2108, num_of_searches =   41, num_of_moves =  162, time = 0.0347
file = input/grid_27.in, num_of_cells_expanded =     459, num_of_searches =   24, num_of_moves =   82, time = 0.0220
file = input/grid_28.in, num_of_cells_expanded =   68775, num_of_searches =  126, num_of_moves =  511, time = 0.1773
file = input/grid_29.in, num_of_cells_expanded =    2255, num_of_searches =   28, num_of_moves =  105, time = 0.0262
file = input/grid_30.in, num_of_cells_expanded =    6177, num_of_searches =   39, num_of_moves =  162, time = 0.0368
file = input/grid_31.in, num_of_cells_expanded =  464875, num_of_searches =  259, num_of_moves =  961, time = 0.7997
file = input/grid_32.in, num_of_cells_expanded =  148069, num_of_searches =  157, num_of_moves =  560, time = 0.3024
file = input/grid_33.in, num_of_cells_expanded =    8734, num_of_searches =   38, num_of_moves =  126, time = 0.0383
file = input/grid_34.in, num_of_cells_expanded =   16786, num_of_searches =   45, num_of_moves =  149, time = 0.0538
file = input/grid_35.in, num_of_cells_expanded =   11550, num_of_searches =   36, num_of_moves =  136, time = 0.0416
file = input/grid_36.in, num_of_cells_expanded =     564, num_of_searches =    9, num_of_moves =   36, time = 0.0089
file = input/grid_37.in, num_of_cells_expanded =  107542, num_of_searches =  191, num_of_moves =  719, time = 0.2746
file = input/grid_38.in, num_of_cells_expanded =   34178, num_of_searches =   85, num_of_moves =  383, time = 0.1072
file = input/grid_39.in, num_of_cells_expanded =    2225, num_of_searches =   35, num_of_moves =  108, time = 0.0289
file = input/grid_40.in, num_of_cells_expanded =  468905, num_of_searches =  366, num_of_moves = 1523, time = 0.8877
file = input/grid_41.in, num_of_cells_expanded =  132524, num_of_searches =  164, num_of_moves =  599, time = 0.2971
file = input/grid_42.in, num_of_cells_expanded =   60428, num_of_searches =   82, num_of_moves =  347, time = 0.1345
file = input/grid_43.in, num_of_cells_expanded =   30497, num_of_searches =  104, num_of_moves =  335, time = 0.1124
file = input/grid_44.in, num_of_cells_expanded =   11370, num_of_searches =  105, num_of_moves =  379, time = 0.0885
file = input/grid_45.in, num_of_cells_expanded =   30422, num_of_searches =  122, num_of_moves =  457, time = 0.1308
file = input/grid_46.in, num_of_cells_expanded =  360757, num_of_searches =  194, num_of_moves =  839, time = 0.6047
file = input/grid_47.in, num_of_cells_expanded =   30329, num_of_searches =   71, num_of_moves =  254, time = 0.0866
file = input/grid_48.in, num_of_cells_expanded =    2854, num_of_searches =   29, num_of_moves =  126, time = 0.0253
file = input/grid_49.in, num_of_cells_expanded =  143303, num_of_searches =  352, num_of_moves = 1608, time = 0.4282
file = input/grid_50.in, num_of_cells_expanded =   33873, num_of_searches =   76, num_of_moves =  316, time = 0.0947


Breaking ties in favor of larger g.
file = input/grid_01.in, num_of_cells_expanded =    2828, num_of_searches =   65, num_of_moves =  274, time = 0.0539
file = input/grid_02.in, num_of_cells_expanded =     331, num_of_searches =   21, num_of_moves =   53, time = 0.0201
file = input/grid_03.in, num_of_cells_expanded =   60372, num_of_searches =  403, num_of_moves = 1685, time = 0.3926
file = input/grid_04.in, num_of_cells_expanded =    1937, num_of_searches =   70, num_of_moves =  264, time = 0.0561
file = input/grid_05.in, num_of_cells_expanded =    1244, num_of_searches =   45, num_of_moves =  168, time = 0.0353
file = input/grid_06.in, num_of_cells_expanded =      54, num_of_searches =    3, num_of_moves =    5, time = 0.0041
file = input/grid_07.in, num_of_cells_expanded =    1179, num_of_searches =   40, num_of_moves =  139, time = 0.0352
file = input/grid_08.in, num_of_cells_expanded =    2353, num_of_searches =   62, num_of_moves =  258, time = 0.0480
file = input/grid_09.in, num_of_cells_expanded =    1358, num_of_searches =   51, num_of_moves =  190, time = 0.0395
file = input/grid_10.in, num_of_cells_expanded =     556, num_of_searches =   24, num_of_moves =   86, time = 0.0194
file = input/grid_11.in, num_of_cells_expanded =   91767, num_of_searches =  206, num_of_moves =  947, time = 0.2706
file = input/grid_12.in, num_of_cells_expanded =    6417, num_of_searches =  118, num_of_moves =  461, time = 0.0990
file = input/grid_13.in, num_of_cells_expanded =   12108, num_of_searches =  175, num_of_moves =  730, time = 0.1556
file = input/grid_14.in, num_of_cells_expanded =     448, num_of_searches =   26, num_of_moves =   88, time = 0.0207
file = input/grid_15.in, num_of_cells_expanded =    4373, num_of_searches =   93, num_of_moves =  382, time = 0.0782
file = input/grid_16.in, num_of_cells_expanded =    3047, num_of_searches =   78, num_of_moves =  287, time = 0.0623
file = input/grid_17.in, num_of_cells_expanded =    2824, num_of_searches =   67, num_of_moves =  264, time = 0.0553
file = input/grid_18.in, num_of_cells_expanded =    8757, num_of_searches =  126, num_of_moves =  517, time = 0.1050
file = input/grid_19.in, num_of_cells_expanded =    5024, num_of_searches =  118, num_of_moves =  488, time = 0.0916
file = input/grid_20.in, num_of_cells_expanded =    3564, num_of_searches =   88, num_of_moves =  384, time = 0.0686
file = input/grid_21.in, num_of_cells_expanded =    2485, num_of_searches =   80, num_of_moves =  317, time = 0.0666
file = input/grid_22.in, num_of_cells_expanded =    1777, num_of_searches =   47, num_of_moves =  189, time = 0.0373
file = input/grid_23.in, num_of_cells_expanded =     481, num_of_searches =   29, num_of_moves =  110, time = 0.0228
file = input/grid_24.in, num_of_cells_expanded =      90, num_of_searches =    9, num_of_moves =   34, time = 0.0084
file = input/grid_25.in, num_of_cells_expanded =    4837, num_of_searches =   93, num_of_moves =  306, time = 0.0744
file = input/grid_26.in, num_of_cells_expanded =    1125, num_of_searches =   38, num_of_moves =  159, time = 0.0297
file = input/grid_27.in, num_of_cells_expanded =     340, num_of_searches =   25, num_of_moves =   83, time = 0.0198
file = input/grid_28.in, num_of_cells_expanded =    8433, num_of_searches =  135, num_of_moves =  510, time = 0.1149
file = input/grid_29.in, num_of_cells_expanded =     486, num_of_searches =   24, num_of_moves =   91, time = 0.0194
file = input/grid_30.in, num_of_cells_expanded =    1087, num_of_searches =   36, num_of_moves =  159, time = 0.0286
file = input/grid_31.in, num_of_cells_expanded =   26045, num_of_searches =  255, num_of_moves =  999, time = 0.2262
file = input/grid_32.in, num_of_cells_expanded =   10729, num_of_searches =  175, num_of_moves =  606, time = 0.1487
file = input/grid_33.in, num_of_cells_expanded =    1169, num_of_searches =   45, num_of_moves =  141, time = 0.0353
file = input/grid_34.in, num_of_cells_expanded =    1514, num_of_searches =   38, num_of_moves =  138, time = 0.0307
file = input/grid_35.in, num_of_cells_expanded =    1359, num_of_searches =   43, num_of_moves =  159, time = 0.0339
file = input/grid_36.in, num_of_cells_expanded =     108, num_of_searches =    7, num_of_moves =   34, time = 0.0070
file = input/grid_37.in, num_of_cells_expanded =   30112, num_of_searches =  203, num_of_moves =  771, time = 0.2011
file = input/grid_38.in, num_of_cells_expanded =    1691, num_of_searches =   47, num_of_moves =  183, time = 0.0406
file = input/grid_39.in, num_of_cells_expanded =     677, num_of_searches =   34, num_of_moves =  115, time = 0.0266
file = input/grid_40.in, num_of_cells_expanded =   36812, num_of_searches =  371, num_of_moves = 1518, time = 0.3267
file = input/grid_41.in, num_of_cells_expanded =    9069, num_of_searches =  153, num_of_moves =  578, time = 0.1261
file = input/grid_42.in, num_of_cells_expanded =    6714, num_of_searches =  122, num_of_moves =  479, time = 0.1071
file = input/grid_43.in, num_of_cells_expanded =    3374, num_of_searches =   77, num_of_moves =  256, time = 0.0614
file = input/grid_44.in, num_of_cells_expanded =    3314, num_of_searches =   99, num_of_moves =  401, time = 0.0757
file = input/grid_45.in, num_of_cells_expanded =    8143, num_of_searches =  114, num_of_moves =  425, time = 0.0926
file = input/grid_46.in, num_of_cells_expanded =   17694, num_of_searches =  196, num_of_moves =  847, time = 0.1699
file = input/grid_47.in, num_of_cells_expanded =    5227, num_of_searches =   80, num_of_moves =  303, time = 0.0657
file = input/grid_48.in, num_of_cells_expanded =     592, num_of_searches =   31, num_of_moves =  112, time = 0.0270
file = input/grid_49.in, num_of_cells_expanded =    7960, num_of_searches =  211, num_of_moves =  789, time = 0.1656
file = input/grid_50.in, num_of_cells_expanded =    4193, num_of_searches =   72, num_of_moves =  302, time = 0.0601


Forward A*.
file = input/grid_01.in, num_of_cells_expanded =    2828, num_of_searches =   65, num_of_moves =  274, time = 0.0583
file = input/grid_02.in, num_of_cells_expanded =     331, num_of_searches =   21, num_of_moves =   53, time = 0.0174
file = input/grid_03.in, num_of_cells_expanded =   60372, num_of_searches =  403, num_of_moves = 1685, time = 0.3910
file = input/grid_04.in, num_of_cells_expanded =    1937, num_of_searches =   70, num_of_moves =  264, time = 0.0533
file = input/grid_05.in, num_of_cells_expanded =    1244, num_of_searches =   45, num_of_moves =  168, time = 0.0350
file = input/grid_06.in, num_of_cells_expanded =      54, num_of_searches =    3, num_of_moves =    5, time = 0.0048
file = input/grid_07.in, num_of_cells_expanded =    1179, num_of_searches =   40, num_of_moves =  139, time = 0.0336
file = input/grid_08.in, num_of_cells_expanded =    2353, num_of_searches =   62, num_of_moves =  258, time = 0.0480
file = input/grid_09.in, num_of_cells_expanded =    1358, num_of_searches =   51, num_of_moves =  190, time = 0.0395
file = input/grid_10.in, num_of_cells_expanded =     556, num_of_searches =   24, num_of_moves =   86, time = 0.0194
file = input/grid_11.in, num_of_cells_expanded =   91767, num_of_searches =  206, num_of_moves =  947, time = 0.2707
file = input/grid_12.in, num_of_cells_expanded =    6417, num_of_searches =  118, num_of_moves =  461, time = 0.0961
file = input/grid_13.in, num_of_cells_expanded =   12108, num_of_searches =  175, num_of_moves =  730, time = 0.1446
file = input/grid_14.in, num_of_cells_expanded =     448, num_of_searches =   26, num_of_moves =   88, time = 0.0207
file = input/grid_15.in, num_of_cells_expanded =    4373, num_of_searches =   93, num_of_moves =  382, time = 0.0729
file = input/grid_16.in, num_of_cells_expanded =    3047, num_of_searches =   78, num_of_moves =  287, time = 0.0676
file = input/grid_17.in, num_of_cells_expanded =    2824, num_of_searches =   67, num_of_moves =  264, time = 0.0540
file = input/grid_18.in, num_of_cells_expanded =    8757, num_of_searches =  126, num_of_moves =  517, time = 0.1071
file = input/grid_19.in, num_of_cells_expanded =    5024, num_of_searches =  118, num_of_moves =  488, time = 0.0915
file = input/grid_20.in, num_of_cells_expanded =    3564, num_of_searches =   88, num_of_moves =  384, time = 0.0686
file = input/grid_21.in, num_of_cells_expanded =    2485, num_of_searches =   80, num_of_moves =  317, time = 0.0636
file = input/grid_22.in, num_of_cells_expanded =    1777, num_of_searches =   47, num_of_moves =  189, time = 0.0376
file = input/grid_23.in, num_of_cells_expanded =     481, num_of_searches =   29, num_of_moves =  110, time = 0.0229
file = input/grid_24.in, num_of_cells_expanded =      90, num_of_searches =    9, num_of_moves =   34, time = 0.0083
file = input/grid_25.in, num_of_cells_expanded =    4837, num_of_searches =   93, num_of_moves =  306, time = 0.0798
file = input/grid_26.in, num_of_cells_expanded =    1125, num_of_searches =   38, num_of_moves =  159, time = 0.0297
file = input/grid_27.in, num_of_cells_expanded =     340, num_of_searches =   25, num_of_moves =   83, time = 0.0203
file = input/grid_28.in, num_of_cells_expanded =    8433, num_of_searches =  135, num_of_moves =  510, time = 0.1121
file = input/grid_29.in, num_of_cells_expanded =     486, num_of_searches =   24, num_of_moves =   91, time = 0.0194
file = input/grid_30.in, num_of_cells_expanded =    1087, num_of_searches =   36, num_of_moves =  159, time = 0.0285
file = input/grid_31.in, num_of_cells_expanded =   26045, num_of_searches =  255, num_of_moves =  999, time = 0.2266
file = input/grid_32.in, num_of_cells_expanded =   10729, num_of_searches =  175, num_of_moves =  606, time = 0.1515
file = input/grid_33.in, num_of_cells_expanded =    1169, num_of_searches =   45, num_of_moves =  141, time = 0.0350
file = input/grid_34.in, num_of_cells_expanded =    1514, num_of_searches =   38, num_of_moves =  138, time = 0.0337
file = input/grid_35.in, num_of_cells_expanded =    1359, num_of_searches =   43, num_of_moves =  159, time = 0.0339
file = input/grid_36.in, num_of_cells_expanded =     108, num_of_searches =    7, num_of_moves =   34, time = 0.0070
file = input/grid_37.in, num_of_cells_expanded =   30112, num_of_searches =  203, num_of_moves =  771, time = 0.1908
file = input/grid_38.in, num_of_cells_expanded =    1691, num_of_searches =   47, num_of_moves =  183, time = 0.0373
file = input/grid_39.in, num_of_cells_expanded =     677, num_of_searches =   34, num_of_moves =  115, time = 0.0270
file = input/grid_40.in, num_of_cells_expanded =   36812, num_of_searches =  371, num_of_moves = 1518, time = 0.3335
file = input/grid_41.in, num_of_cells_expanded =    9069, num_of_searches =  153, num_of_moves =  578, time = 0.1261
file = input/grid_42.in, num_of_cells_expanded =    6714, num_of_searches =  122, num_of_moves =  479, time = 0.1035
file = input/grid_43.in, num_of_cells_expanded =    3374, num_of_searches =   77, num_of_moves =  256, time = 0.0628
file = input/grid_44.in, num_of_cells_expanded =    3314, num_of_searches =   99, num_of_moves =  401, time = 0.0758
file = input/grid_45.in, num_of_cells_expanded =    8143, num_of_searches =  114, num_of_moves =  425, time = 0.0925
file = input/grid_46.in, num_of_cells_expanded =   17694, num_of_searches =  196, num_of_moves =  847, time = 0.1751
file = input/grid_47.in, num_of_cells_expanded =    5227, num_of_searches =   80, num_of_moves =  303, time = 0.0666
file = input/grid_48.in, num_of_cells_expanded =     592, num_of_searches =   31, num_of_moves =  112, time = 0.0243
file = input/grid_49.in, num_of_cells_expanded =    7960, num_of_searches =  211, num_of_moves =  789, time = 0.1648
file = input/grid_50.in, num_of_cells_expanded =    4193, num_of_searches =   72, num_of_moves =  302, time = 0.0645


Backward A*.
file = input/grid_01.in, num_of_cells_expanded =  471783, num_of_searches =  123, num_of_moves =  480, time = 0.7859
file = input/grid_02.in, num_of_cells_expanded =   20100, num_of_searches =   43, num_of_moves =  177, time = 0.0570
file = input/grid_03.in, num_of_cells_expanded = 2588341, num_of_searches =  293, num_of_moves = 1283, time = 4.0973
file = input/grid_04.in, num_of_cells_expanded =   89479, num_of_searches =   75, num_of_moves =  257, time = 0.1857
file = input/grid_05.in, num_of_cells_expanded =  122281, num_of_searches =   47, num_of_moves =  156, time = 0.2118
file = input/grid_06.in, num_of_cells_expanded =   40397, num_of_searches =   58, num_of_moves =  253, time = 0.0936
file = input/grid_07.in, num_of_cells_expanded =   18452, num_of_searches =   87, num_of_moves =  290, time = 0.0991
file = input/grid_08.in, num_of_cells_expanded =  200033, num_of_searches =  113, num_of_moves =  473, time = 0.3584
file = input/grid_09.in, num_of_cells_expanded =  352986, num_of_searches =  110, num_of_moves =  425, time = 0.5640
file = input/grid_10.in, num_of_cells_expanded =   72037, num_of_searches =   67, num_of_moves =  205, time = 0.1510
file = input/grid_11.in, num_of_cells_expanded =       1, num_of_searches =    1, num_of_moves =    0, time = 0.0028
file = input/grid_12.in, num_of_cells_expanded =  584901, num_of_searches =  100, num_of_moves =  353, time = 0.9418
file = input/grid_13.in, num_of_cells_expanded = 1622418, num_of_searches =  214, num_of_moves =  757, time = 2.5943
file = input/grid_14.in, num_of_cells_expanded =   16701, num_of_searches =   16, num_of_moves =   58, time = 0.0370
file = input/grid_15.in, num_of_cells_expanded =  519240, num_of_searches =  171, num_of_moves =  690, time = 0.9139
file = input/grid_16.in, num_of_cells_expanded =  331296, num_of_searches =  101, num_of_moves =  366, time = 0.5358
file = input/grid_17.in, num_of_cells_expanded =  164487, num_of_searches =   53, num_of_moves =  196, time = 0.2746
file = input/grid_18.in, num_of_cells_expanded =  908799, num_of_searches =  101, num_of_moves =  362, time = 1.5063
file = input/grid_19.in, num_of_cells_expanded =  229355, num_of_searches =   55, num_of_moves =  185, time = 0.3797
file = input/grid_20.in, num_of_cells_expanded =  315890, num_of_searches =   95, num_of_moves =  363, time = 0.5377
file = input/grid_21.in, num_of_cells_expanded =  299613, num_of_searches =   73, num_of_moves =  274, time = 0.4656
file = input/grid_22.in, num_of_cells_expanded =   21253, num_of_searches =   39, num_of_moves =  155, time = 0.0561
file = input/grid_23.in, num_of_cells_expanded =   10424, num_of_searches =   24, num_of_moves =   97, time = 0.0372
file = input/grid_24.in, num_of_cells_expanded =    1005, num_of_searches =    6, num_of_moves =   29, time = 0.0082
file = input/grid_25.in, num_of_cells_expanded =  229482, num_of_searches =   61, num_of_moves =  226, time = 0.3716
file = input/grid_26.in, num_of_cells_expanded =   69350, num_of_searches =   59, num_of_moves =  230, time = 0.1435
file = input/grid_27.in, num_of_cells_expanded =    3343, num_of_searches =   27, num_of_moves =  107, time = 0.0250
file = input/grid_28.in, num_of_cells_expanded =  511819, num_of_searches =   87, num_of_moves =  292, time = 0.8708
file = input/grid_29.in, num_of_cells_expanded =   19890, num_of_searches =   18, num_of_moves =   69, time = 0.0403
file = input/grid_30.in, num_of_cells_expanded =   97927, num_of_searches =   58, num_of_moves =  239, time = 0.1695
file = input/grid_31.in, num_of_cells_expanded = 1211899, num_of_searches =  170, num_of_moves =  668, time = 2.0339
file = input/grid_32.in, num_of_cells_expanded = 2483368, num_of_searches =  306, num_of_moves = 1249, time = 4.2332
file = input/grid_33.in, num_of_cells_expanded =   97166, num_of_searches =   28, num_of_moves =  116, time = 0.1592
file = input/grid_34.in, num_of_cells_expanded =  114628, num_of_searches =   44, num_of_moves =  188, time = 0.1856
file = input/grid_35.in, num_of_cells_expanded =   97930, num_of_searches =   45, num_of_moves =  163, time = 0.1786
file = input/grid_36.in, num_of_cells_expanded =    6722, num_of_searches =   11, num_of_moves =   48, time = 0.0180
file = input/grid_37.in, num_of_cells_expanded =  409196, num_of_searches =  241, num_of_moves =  861, time = 0.7662
file = input/grid_38.in, num_of_cells_expanded =  182870, num_of_searches =   83, num_of_moves =  381, time = 0.3229
file = input/grid_39.in, num_of_cells_expanded =   17946, num_of_searches =   34, num_of_moves =  187, time = 0.0478
file = input/grid_40.in, num_of_cells_expanded = 2019774, num_of_searches =  208, num_of_moves =  771, time = 3.3786
file = input/grid_41.in, num_of_cells_expanded = 1839851, num_of_searches =  253, num_of_moves = 1036, time = 2.9275
file = input/grid_42.in, num_of_cells_expanded =  484430, num_of_searches =  115, num_of_moves =  398, time = 0.7511
file = input/grid_43.in, num_of_cells_expanded =  236484, num_of_searches =   74, num_of_moves =  259, time = 0.4159
file = input/grid_44.in, num_of_cells_expanded =  229450, num_of_searches =  103, num_of_moves =  415, time = 0.3913
file = input/grid_45.in, num_of_cells_expanded =  356441, num_of_searches =  119, num_of_moves =  442, time = 0.5833
file = input/grid_46.in, num_of_cells_expanded = 1788990, num_of_searches =  221, num_of_moves =  818, time = 3.0986
file = input/grid_47.in, num_of_cells_expanded =  102116, num_of_searches =  103, num_of_moves =  346, time = 0.2293
file = input/grid_48.in, num_of_cells_expanded =   16063, num_of_searches =   16, num_of_moves =   65, time = 0.0364
file = input/grid_49.in, num_of_cells_expanded =  560638, num_of_searches =  130, num_of_moves =  630, time = 0.8975
file = input/grid_50.in, num_of_cells_expanded =  605731, num_of_searches =  138, num_of_moves =  552, time = 0.9548


Regular A*.
file = input/grid_01.in, num_of_cells_expanded =    2828, num_of_searches =   65, num_of_moves =  274, time = 0.0545
file = input/grid_02.in, num_of_cells_expanded =     331, num_of_searches =   21, num_of_moves =   53, time = 0.0170
file = input/grid_03.in, num_of_cells_expanded =   60372, num_of_searches =  403, num_of_moves = 1685, time = 0.3780
file = input/grid_04.in, num_of_cells_expanded =    1937, num_of_searches =   70, num_of_moves =  264, time = 0.0537
file = input/grid_05.in, num_of_cells_expanded =    1244, num_of_searches =   45, num_of_moves =  168, time = 0.0352
file = input/grid_06.in, num_of_cells_expanded =      54, num_of_searches =    3, num_of_moves =    5, time = 0.0041
file = input/grid_07.in, num_of_cells_expanded =    1179, num_of_searches =   40, num_of_moves =  139, time = 0.0312
file = input/grid_08.in, num_of_cells_expanded =    2353, num_of_searches =   62, num_of_moves =  258, time = 0.0529
file = input/grid_09.in, num_of_cells_expanded =    1358, num_of_searches =   51, num_of_moves =  190, time = 0.0400
file = input/grid_10.in, num_of_cells_expanded =     556, num_of_searches =   24, num_of_moves =   86, time = 0.0194
file = input/grid_11.in, num_of_cells_expanded =   91767, num_of_searches =  206, num_of_moves =  947, time = 0.2773
file = input/grid_12.in, num_of_cells_expanded =    6417, num_of_searches =  118, num_of_moves =  461, time = 0.0958
file = input/grid_13.in, num_of_cells_expanded =   12108, num_of_searches =  175, num_of_moves =  730, time = 0.1446
file = input/grid_14.in, num_of_cells_expanded =     448, num_of_searches =   26, num_of_moves =   88, time = 0.0207
file = input/grid_15.in, num_of_cells_expanded =    4373, num_of_searches =   93, num_of_moves =  382, time = 0.0788
file = input/grid_16.in, num_of_cells_expanded =    3047, num_of_searches =   78, num_of_moves =  287, time = 0.0609
file = input/grid_17.in, num_of_cells_expanded =    2824, num_of_searches =   67, num_of_moves =  264, time = 0.0532
file = input/grid_18.in, num_of_cells_expanded =    8757, num_of_searches =  126, num_of_moves =  517, time = 0.1040
file = input/grid_19.in, num_of_cells_expanded =    5024, num_of_searches =  118, num_of_moves =  488, time = 0.0931
file = input/grid_20.in, num_of_cells_expanded =    3564, num_of_searches =   88, num_of_moves =  384, time = 0.0697
file = input/grid_21.in, num_of_cells_expanded =    2485, num_of_searches =   80, num_of_moves =  317, time = 0.0621
file = input/grid_22.in, num_of_cells_expanded =    1777, num_of_searches =   47, num_of_moves =  189, time = 0.0368
file = input/grid_23.in, num_of_cells_expanded =     481, num_of_searches =   29, num_of_moves =  110, time = 0.0276
file = input/grid_24.in, num_of_cells_expanded =      90, num_of_searches =    9, num_of_moves =   34, time = 0.0104
file = input/grid_25.in, num_of_cells_expanded =    4837, num_of_searches =   93, num_of_moves =  306, time = 0.0782
file = input/grid_26.in, num_of_cells_expanded =    1125, num_of_searches =   38, num_of_moves =  159, time = 0.0299
file = input/grid_27.in, num_of_cells_expanded =     340, num_of_searches =   25, num_of_moves =   83, time = 0.0197
file = input/grid_28.in, num_of_cells_expanded =    8433, num_of_searches =  135, num_of_moves =  510, time = 0.1123
file = input/grid_29.in, num_of_cells_expanded =     486, num_of_searches =   24, num_of_moves =   91, time = 0.0194
file = input/grid_30.in, num_of_cells_expanded =    1087, num_of_searches =   36, num_of_moves =  159, time = 0.0286
file = input/grid_31.in, num_of_cells_expanded =   26045, num_of_searches =  255, num_of_moves =  999, time = 0.2274
file = input/grid_32.in, num_of_cells_expanded =   10729, num_of_searches =  175, num_of_moves =  606, time = 0.1479
file = input/grid_33.in, num_of_cells_expanded =    1169, num_of_searches =   45, num_of_moves =  141, time = 0.0351
file = input/grid_34.in, num_of_cells_expanded =    1514, num_of_searches =   38, num_of_moves =  138, time = 0.0308
file = input/grid_35.in, num_of_cells_expanded =    1359, num_of_searches =   43, num_of_moves =  159, time = 0.0340
file = input/grid_36.in, num_of_cells_expanded =     108, num_of_searches =    7, num_of_moves =   34, time = 0.0070
file = input/grid_37.in, num_of_cells_expanded =   30112, num_of_searches =  203, num_of_moves =  771, time = 0.1927
file = input/grid_38.in, num_of_cells_expanded =    1691, num_of_searches =   47, num_of_moves =  183, time = 0.0372
file = input/grid_39.in, num_of_cells_expanded =     677, num_of_searches =   34, num_of_moves =  115, time = 0.0308
file = input/grid_40.in, num_of_cells_expanded =   36812, num_of_searches =  371, num_of_moves = 1518, time = 0.3187
file = input/grid_41.in, num_of_cells_expanded =    9069, num_of_searches =  153, num_of_moves =  578, time = 0.1229
file = input/grid_42.in, num_of_cells_expanded =    6714, num_of_searches =  122, num_of_moves =  479, time = 0.0976
file = input/grid_43.in, num_of_cells_expanded =    3374, num_of_searches =   77, num_of_moves =  256, time = 0.0611
file = input/grid_44.in, num_of_cells_expanded =    3314, num_of_searches =   99, num_of_moves =  401, time = 0.0786
file = input/grid_45.in, num_of_cells_expanded =    8143, num_of_searches =  114, num_of_moves =  425, time = 0.0951
file = input/grid_46.in, num_of_cells_expanded =   17694, num_of_searches =  196, num_of_moves =  847, time = 0.1669
file = input/grid_47.in, num_of_cells_expanded =    5227, num_of_searches =   80, num_of_moves =  303, time = 0.0654
file = input/grid_48.in, num_of_cells_expanded =     592, num_of_searches =   31, num_of_moves =  112, time = 0.0275
file = input/grid_49.in, num_of_cells_expanded =    7960, num_of_searches =  211, num_of_moves =  789, time = 0.1667
file = input/grid_50.in, num_of_cells_expanded =    4193, num_of_searches =   72, num_of_moves =  302, time = 0.0620


Adaptive A*.
file = input/grid_01.in, num_of_cells_expanded =    2663, num_of_searches =   62, num_of_moves =  257, time = 0.0494
file = input/grid_02.in, num_of_cells_expanded =     331, num_of_searches =   21, num_of_moves =   53, time = 0.0171
file = input/grid_03.in, num_of_cells_expanded =   38940, num_of_searches =  409, num_of_moves = 1697, time = 0.3556
file = input/grid_04.in, num_of_cells_expanded =    1746, num_of_searches =   71, num_of_moves =  267, time = 0.0539
file = input/grid_05.in, num_of_cells_expanded =    1163, num_of_searches =   39, num_of_moves =  142, time = 0.0331
file = input/grid_06.in, num_of_cells_expanded =      54, num_of_searches =    3, num_of_moves =    5, time = 0.0051
file = input/grid_07.in, num_of_cells_expanded =     793, num_of_searches =   37, num_of_moves =  138, time = 0.0291
file = input/grid_08.in, num_of_cells_expanded =    1383, num_of_searches =   57, num_of_moves =  241, time = 0.0436
file = input/grid_09.in, num_of_cells_expanded =    1326, num_of_searches =   51, num_of_moves =  190, time = 0.0394
file = input/grid_10.in, num_of_cells_expanded =     556, num_of_searches =   24, num_of_moves =   86, time = 0.0202
file = input/grid_11.in, num_of_cells_expanded =   42996, num_of_searches =  223, num_of_moves =  980, time = 0.2364
file = input/grid_12.in, num_of_cells_expanded =    6302, num_of_searches =  118, num_of_moves =  461, time = 0.1001
file = input/grid_13.in, num_of_cells_expanded =   11893, num_of_searches =  190, num_of_moves =  823, time = 0.1551
file = input/grid_14.in, num_of_cells_expanded =     448, num_of_searches =   26, num_of_moves =   88, time = 0.0207
file = input/grid_15.in, num_of_cells_expanded =    4268, num_of_searches =  108, num_of_moves =  437, time = 0.0834
file = input/grid_16.in, num_of_cells_expanded =    2998, num_of_searches =   78, num_of_moves =  287, time = 0.0614
file = input/grid_17.in, num_of_cells_expanded =    2753, num_of_searches =   67, num_of_moves =  264, time = 0.0532
file = input/grid_18.in, num_of_cells_expanded =    8727, num_of_searches =  126, num_of_moves =  517, time = 0.1047
file = input/grid_19.in, num_of_cells_expanded =    4457, num_of_searches =  113, num_of_moves =  481, time = 0.0901
file = input/grid_20.in, num_of_cells_expanded =    3415, num_of_searches =   88, num_of_moves =  384, time = 0.0686
file = input/grid_21.in, num_of_cells_expanded =    2346, num_of_searches =   79, num_of_moves =  312, time = 0.0604
file = input/grid_22.in, num_of_cells_expanded =    1574, num_of_searches =   47, num_of_moves =  211, time = 0.0368
file = input/grid_23.in, num_of_cells_expanded =     457, num_of_searches =   29, num_of_moves =  110, time = 0.0227
file = input/grid_24.in, num_of_cells_expanded =      87, num_of_searches =    9, num_of_moves =   34, time = 0.0083
file = input/grid_25.in, num_of_cells_expanded =    4743, num_of_searches =   97, num_of_moves =  310, time = 0.0801
file = input/grid_26.in, num_of_cells_expanded =     216, num_of_searches =   14, num_of_moves =   63, time = 0.0130
file = input/grid_27.in, num_of_cells_expanded =     301, num_of_searches =   25, num_of_moves =   83, time = 0.0243
file = input/grid_28.in, num_of_cells_expanded =    8188, num_of_searches =  135, num_of_moves =  510, time = 0.1108
file = input/grid_29.in, num_of_cells_expanded =     471, num_of_searches =   24, num_of_moves =   91, time = 0.0194
file = input/grid_30.in, num_of_cells_expanded =    1030, num_of_searches =   36, num_of_moves =  159, time = 0.0286
file = input/grid_31.in, num_of_cells_expanded =   21711, num_of_searches =  252, num_of_moves =  998, time = 0.2148
file = input/grid_32.in, num_of_cells_expanded =   10423, num_of_searches =  175, num_of_moves =  606, time = 0.1425
file = input/grid_33.in, num_of_cells_expanded =    1146, num_of_searches =   45, num_of_moves =  141, time = 0.0350
file = input/grid_34.in, num_of_cells_expanded =    1505, num_of_searches =   38, num_of_moves =  138, time = 0.0308
file = input/grid_35.in, num_of_cells_expanded =    1340, num_of_searches =   43, num_of_moves =  159, time = 0.0339
file = input/grid_36.in, num_of_cells_expanded =     106, num_of_searches =    7, num_of_moves =   34, time = 0.0070
file = input/grid_37.in, num_of_cells_expanded =   17301, num_of_searches =  208, num_of_moves =  772, time = 0.1797
file = input/grid_38.in, num_of_cells_expanded =    1669, num_of_searches =   48, num_of_moves =  186, time = 0.0380
file = input/grid_39.in, num_of_cells_expanded =     660, num_of_searches =   34, num_of_moves =  115, time = 0.0265
file = input/grid_40.in, num_of_cells_expanded =   30811, num_of_searches =  381, num_of_moves = 1550, time = 0.3268
file = input/grid_41.in, num_of_cells_expanded =    8732, num_of_searches =  153, num_of_moves =  578, time = 0.1230
file = input/grid_42.in, num_of_cells_expanded =    5834, num_of_searches =  121, num_of_moves =  476, time = 0.0987
file = input/grid_43.in, num_of_cells_expanded =    3387, num_of_searches =   79, num_of_moves =  258, time = 0.0625
file = input/grid_44.in, num_of_cells_expanded =    3147, num_of_searches =   99, num_of_moves =  401, time = 0.0761
file = input/grid_45.in, num_of_cells_expanded =    5905, num_of_searches =  116, num_of_moves =  439, time = 0.0948
file = input/grid_46.in, num_of_cells_expanded =   16126, num_of_searches =  195, num_of_moves =  838, time = 0.1663
file = input/grid_47.in, num_of_cells_expanded =    4821, num_of_searches =   86, num_of_moves =  309, time = 0.0694
file = input/grid_48.in, num_of_cells_expanded =     576, num_of_searches =   31, num_of_moves =  112, time = 0.0243
file = input/grid_49.in, num_of_cells_expanded =    7105, num_of_searches =  215, num_of_moves =  817, time = 0.1710
file = input/grid_50.in, num_of_cells_expanded =    4173, num_of_searches =   73, num_of_moves =  303, time = 0.0602
